mode: atomic
github.com/Deny7676yar/Go_level2/GB_BP/internal/crawler/crawler.go:29.43,36.2 1 1
github.com/Deny7676yar/Go_level2/GB_BP/internal/crawler/crawler.go:38.88,44.28 2 0
github.com/Deny7676yar/Go_level2/GB_BP/internal/crawler/crawler.go:47.2,50.8 4 0
github.com/Deny7676yar/Go_level2/GB_BP/internal/crawler/crawler.go:53.2,53.9 1 0
github.com/Deny7676yar/Go_level2/GB_BP/internal/crawler/crawler.go:44.28,46.3 1 0
github.com/Deny7676yar/Go_level2/GB_BP/internal/crawler/crawler.go:50.8,52.3 1 0
github.com/Deny7676yar/Go_level2/GB_BP/internal/crawler/crawler.go:54.20,55.9 1 0
github.com/Deny7676yar/Go_level2/GB_BP/internal/crawler/crawler.go:56.10,58.17 2 0
github.com/Deny7676yar/Go_level2/GB_BP/internal/crawler/crawler.go:62.3,69.40 5 0
github.com/Deny7676yar/Go_level2/GB_BP/internal/crawler/crawler.go:58.17,61.4 2 0
github.com/Deny7676yar/Go_level2/GB_BP/internal/crawler/crawler.go:69.40,71.4 1 0
github.com/Deny7676yar/Go_level2/GB_BP/internal/crawler/crawler.go:75.55,77.2 1 0
github.com/Deny7676yar/Go_level2/GB_BP/internal/crawler/crawler.go:79.48,83.2 1 0
github.com/Deny7676yar/Go_level2/GB_BP/internal/crawler/crawler.go:85.55,88.6 3 0
github.com/Deny7676yar/Go_level2/GB_BP/internal/crawler/crawler.go:88.6,89.10 1 0
github.com/Deny7676yar/Go_level2/GB_BP/internal/crawler/crawler.go:90.21,91.10 1 0
github.com/Deny7676yar/Go_level2/GB_BP/internal/crawler/crawler.go:92.18,96.18 2 0
github.com/Deny7676yar/Go_level2/GB_BP/internal/crawler/crawler.go:101.38,105.2 3 0
github.com/Deny7676yar/Go_level2/GB_BP/internal/crawler/crawler.go:107.84,109.6 2 0
github.com/Deny7676yar/Go_level2/GB_BP/internal/crawler/crawler.go:109.6,110.10 1 0
github.com/Deny7676yar/Go_level2/GB_BP/internal/crawler/crawler.go:111.21,112.10 1 0
github.com/Deny7676yar/Go_level2/GB_BP/internal/crawler/crawler.go:113.33,114.22 1 0
github.com/Deny7676yar/Go_level2/GB_BP/internal/crawler/crawler.go:114.22,117.23 3 0
github.com/Deny7676yar/Go_level2/GB_BP/internal/crawler/crawler.go:117.23,120.6 2 0
github.com/Deny7676yar/Go_level2/GB_BP/internal/crawler/crawler.go:121.10,124.23 3 0
github.com/Deny7676yar/Go_level2/GB_BP/internal/crawler/crawler.go:124.23,127.6 2 0
github.com/Deny7676yar/Go_level2/GB_BP/internal/page/page.go:20.43,22.16 2 3
github.com/Deny7676yar/Go_level2/GB_BP/internal/page/page.go:25.2,25.29 1 3
github.com/Deny7676yar/Go_level2/GB_BP/internal/page/page.go:22.16,24.3 1 0
github.com/Deny7676yar/Go_level2/GB_BP/internal/page/page.go:28.34,36.2 3 1
github.com/Deny7676yar/Go_level2/GB_BP/internal/page/page.go:38.36,40.57 2 1
github.com/Deny7676yar/Go_level2/GB_BP/internal/page/page.go:49.2,49.13 1 1
github.com/Deny7676yar/Go_level2/GB_BP/internal/page/page.go:40.57,42.9 2 3
github.com/Deny7676yar/Go_level2/GB_BP/internal/page/page.go:42.9,47.4 2 3
github.com/Deny7676yar/Go_level2/GB_BP/internal/services/requester.go:21.52,23.2 1 2
github.com/Deny7676yar/Go_level2/GB_BP/internal/services/requester.go:25.75,26.9 1 1
github.com/Deny7676yar/Go_level2/GB_BP/internal/services/requester.go:27.20,28.18 1 0
github.com/Deny7676yar/Go_level2/GB_BP/internal/services/requester.go:29.10,34.17 3 1
github.com/Deny7676yar/Go_level2/GB_BP/internal/services/requester.go:37.3,38.17 2 1
github.com/Deny7676yar/Go_level2/GB_BP/internal/services/requester.go:44.3,47.17 3 1
github.com/Deny7676yar/Go_level2/GB_BP/internal/services/requester.go:53.3,53.22 1 1
github.com/Deny7676yar/Go_level2/GB_BP/internal/services/requester.go:34.17,36.4 1 0
github.com/Deny7676yar/Go_level2/GB_BP/internal/services/requester.go:38.17,43.4 2 0
github.com/Deny7676yar/Go_level2/GB_BP/internal/services/requester.go:47.17,52.4 2 0
